<?xml version="1.0" encoding="UTF-8"?>
<testsuite xmlns:xsi="http://www.w3.org/2001/XMLSchema-instance" xsi:noNamespaceSchemaLocation="https://maven.apache.org/surefire/maven-surefire-plugin/xsd/surefire-test-report-3.0.xsd" version="3.0" name="com.example.myrpc.MyRpcApplicationTests" time="0.473" tests="1" errors="1" skipped="0" failures="0">
  <properties>
    <property name="java.specification.version" value="17"/>
    <property name="sun.cpu.isalist" value="amd64"/>
    <property name="sun.jnu.encoding" value="GBK"/>
    <property name="java.class.path" value="F:\Java\project\my-rpc\target\test-classes;F:\Java\project\my-rpc\target\classes;D:\apache-maven-4.0.0-alpha-12\repository\org\springframework\boot\spring-boot-starter\3.2.5\spring-boot-starter-3.2.5.jar;D:\apache-maven-4.0.0-alpha-12\repository\org\springframework\boot\spring-boot\3.2.5\spring-boot-3.2.5.jar;D:\apache-maven-4.0.0-alpha-12\repository\org\springframework\spring-context\6.1.6\spring-context-6.1.6.jar;D:\apache-maven-4.0.0-alpha-12\repository\org\springframework\spring-aop\6.1.6\spring-aop-6.1.6.jar;D:\apache-maven-4.0.0-alpha-12\repository\org\springframework\spring-beans\6.1.6\spring-beans-6.1.6.jar;D:\apache-maven-4.0.0-alpha-12\repository\org\springframework\spring-expression\6.1.6\spring-expression-6.1.6.jar;D:\apache-maven-4.0.0-alpha-12\repository\org\springframework\boot\spring-boot-autoconfigure\3.2.5\spring-boot-autoconfigure-3.2.5.jar;D:\apache-maven-4.0.0-alpha-12\repository\org\springframework\boot\spring-boot-starter-logging\3.2.5\spring-boot-starter-logging-3.2.5.jar;D:\apache-maven-4.0.0-alpha-12\repository\ch\qos\logback\logback-classic\1.4.14\logback-classic-1.4.14.jar;D:\apache-maven-4.0.0-alpha-12\repository\ch\qos\logback\logback-core\1.4.14\logback-core-1.4.14.jar;D:\apache-maven-4.0.0-alpha-12\repository\org\apache\logging\log4j\log4j-to-slf4j\2.21.1\log4j-to-slf4j-2.21.1.jar;D:\apache-maven-4.0.0-alpha-12\repository\org\apache\logging\log4j\log4j-api\2.21.1\log4j-api-2.21.1.jar;D:\apache-maven-4.0.0-alpha-12\repository\org\slf4j\jul-to-slf4j\2.0.13\jul-to-slf4j-2.0.13.jar;D:\apache-maven-4.0.0-alpha-12\repository\jakarta\annotation\jakarta.annotation-api\2.1.1\jakarta.annotation-api-2.1.1.jar;D:\apache-maven-4.0.0-alpha-12\repository\org\springframework\spring-core\6.1.6\spring-core-6.1.6.jar;D:\apache-maven-4.0.0-alpha-12\repository\org\springframework\spring-jcl\6.1.6\spring-jcl-6.1.6.jar;D:\apache-maven-4.0.0-alpha-12\repository\org\yaml\snakeyaml\2.2\snakeyaml-2.2.jar;D:\apache-maven-4.0.0-alpha-12\repository\org\reflections\reflections\0.9.12\reflections-0.9.12.jar;D:\apache-maven-4.0.0-alpha-12\repository\org\javassist\javassist\3.26.0-GA\javassist-3.26.0-GA.jar;D:\apache-maven-4.0.0-alpha-12\repository\com\alibaba\nacos\nacos-client\2.3.2\nacos-client-2.3.2.jar;D:\apache-maven-4.0.0-alpha-12\repository\com\alibaba\nacos\nacos-auth-plugin\2.3.2\nacos-auth-plugin-2.3.2.jar;D:\apache-maven-4.0.0-alpha-12\repository\com\alibaba\nacos\nacos-encryption-plugin\2.3.2\nacos-encryption-plugin-2.3.2.jar;D:\apache-maven-4.0.0-alpha-12\repository\commons-codec\commons-codec\1.16.1\commons-codec-1.16.1.jar;D:\apache-maven-4.0.0-alpha-12\repository\com\fasterxml\jackson\core\jackson-core\2.15.4\jackson-core-2.15.4.jar;D:\apache-maven-4.0.0-alpha-12\repository\com\fasterxml\jackson\core\jackson-databind\2.15.4\jackson-databind-2.15.4.jar;D:\apache-maven-4.0.0-alpha-12\repository\com\fasterxml\jackson\core\jackson-annotations\2.15.4\jackson-annotations-2.15.4.jar;D:\apache-maven-4.0.0-alpha-12\repository\org\apache\httpcomponents\httpasyncclient\4.1.5\httpasyncclient-4.1.5.jar;D:\apache-maven-4.0.0-alpha-12\repository\org\apache\httpcomponents\httpcore-nio\4.4.16\httpcore-nio-4.4.16.jar;D:\apache-maven-4.0.0-alpha-12\repository\org\apache\httpcomponents\httpclient\4.5.13\httpclient-4.5.13.jar;D:\apache-maven-4.0.0-alpha-12\repository\org\apache\httpcomponents\httpcore\4.4.16\httpcore-4.4.16.jar;D:\apache-maven-4.0.0-alpha-12\repository\io\prometheus\simpleclient\0.16.0\simpleclient-0.16.0.jar;D:\apache-maven-4.0.0-alpha-12\repository\io\prometheus\simpleclient_tracer_otel\0.16.0\simpleclient_tracer_otel-0.16.0.jar;D:\apache-maven-4.0.0-alpha-12\repository\io\prometheus\simpleclient_tracer_common\0.16.0\simpleclient_tracer_common-0.16.0.jar;D:\apache-maven-4.0.0-alpha-12\repository\io\prometheus\simpleclient_tracer_otel_agent\0.16.0\simpleclient_tracer_otel_agent-0.16.0.jar;D:\apache-maven-4.0.0-alpha-12\repository\io\micrometer\micrometer-core\1.12.5\micrometer-core-1.12.5.jar;D:\apache-maven-4.0.0-alpha-12\repository\io\micrometer\micrometer-commons\1.12.5\micrometer-commons-1.12.5.jar;D:\apache-maven-4.0.0-alpha-12\repository\io\micrometer\micrometer-observation\1.12.5\micrometer-observation-1.12.5.jar;D:\apache-maven-4.0.0-alpha-12\repository\org\hdrhistogram\HdrHistogram\2.1.12\HdrHistogram-2.1.12.jar;D:\apache-maven-4.0.0-alpha-12\repository\org\latencyutils\LatencyUtils\2.0.3\LatencyUtils-2.0.3.jar;D:\apache-maven-4.0.0-alpha-12\repository\org\apache\curator\curator-recipes\5.1.0\curator-recipes-5.1.0.jar;D:\apache-maven-4.0.0-alpha-12\repository\org\apache\curator\curator-framework\5.1.0\curator-framework-5.1.0.jar;D:\apache-maven-4.0.0-alpha-12\repository\org\apache\curator\curator-client\5.1.0\curator-client-5.1.0.jar;D:\apache-maven-4.0.0-alpha-12\repository\org\apache\zookeeper\zookeeper\3.6.0\zookeeper-3.6.0.jar;D:\apache-maven-4.0.0-alpha-12\repository\commons-lang\commons-lang\2.6\commons-lang-2.6.jar;D:\apache-maven-4.0.0-alpha-12\repository\org\apache\zookeeper\zookeeper-jute\3.6.0\zookeeper-jute-3.6.0.jar;D:\apache-maven-4.0.0-alpha-12\repository\org\apache\yetus\audience-annotations\0.5.0\audience-annotations-0.5.0.jar;D:\apache-maven-4.0.0-alpha-12\repository\io\netty\netty-handler\4.1.109.Final\netty-handler-4.1.109.Final.jar;D:\apache-maven-4.0.0-alpha-12\repository\io\netty\netty-common\4.1.109.Final\netty-common-4.1.109.Final.jar;D:\apache-maven-4.0.0-alpha-12\repository\io\netty\netty-resolver\4.1.109.Final\netty-resolver-4.1.109.Final.jar;D:\apache-maven-4.0.0-alpha-12\repository\io\netty\netty-buffer\4.1.109.Final\netty-buffer-4.1.109.Final.jar;D:\apache-maven-4.0.0-alpha-12\repository\io\netty\netty-transport\4.1.109.Final\netty-transport-4.1.109.Final.jar;D:\apache-maven-4.0.0-alpha-12\repository\io\netty\netty-transport-native-unix-common\4.1.109.Final\netty-transport-native-unix-common-4.1.109.Final.jar;D:\apache-maven-4.0.0-alpha-12\repository\io\netty\netty-codec\4.1.109.Final\netty-codec-4.1.109.Final.jar;D:\apache-maven-4.0.0-alpha-12\repository\io\netty\netty-transport-native-epoll\4.1.109.Final\netty-transport-native-epoll-4.1.109.Final.jar;D:\apache-maven-4.0.0-alpha-12\repository\io\netty\netty-transport-classes-epoll\4.1.109.Final\netty-transport-classes-epoll-4.1.109.Final.jar;D:\apache-maven-4.0.0-alpha-12\repository\log4j\log4j\1.2.17\log4j-1.2.17.jar;D:\apache-maven-4.0.0-alpha-12\repository\com\google\guava\guava\27.0.1-jre\guava-27.0.1-jre.jar;D:\apache-maven-4.0.0-alpha-12\repository\com\google\guava\failureaccess\1.0.1\failureaccess-1.0.1.jar;D:\apache-maven-4.0.0-alpha-12\repository\com\google\guava\listenablefuture\1.0\listenablefuture-1.0.jar;D:\apache-maven-4.0.0-alpha-12\repository\com\google\code\findbugs\jsr305\3.0.2\jsr305-3.0.2.jar;D:\apache-maven-4.0.0-alpha-12\repository\org\checkerframework\checker-qual\2.5.2\checker-qual-2.5.2.jar;D:\apache-maven-4.0.0-alpha-12\repository\com\google\errorprone\error_prone_annotations\2.2.0\error_prone_annotations-2.2.0.jar;D:\apache-maven-4.0.0-alpha-12\repository\com\google\j2objc\j2objc-annotations\1.1\j2objc-annotations-1.1.jar;D:\apache-maven-4.0.0-alpha-12\repository\org\codehaus\mojo\animal-sniffer-annotations\1.17\animal-sniffer-annotations-1.17.jar;D:\apache-maven-4.0.0-alpha-12\repository\org\projectlombok\lombok\1.18.32\lombok-1.18.32.jar;D:\apache-maven-4.0.0-alpha-12\repository\com\alibaba\fastjson\1.2.78\fastjson-1.2.78.jar;D:\apache-maven-4.0.0-alpha-12\repository\org\springframework\boot\spring-boot-starter-test\3.2.5\spring-boot-starter-test-3.2.5.jar;D:\apache-maven-4.0.0-alpha-12\repository\org\springframework\boot\spring-boot-test\3.2.5\spring-boot-test-3.2.5.jar;D:\apache-maven-4.0.0-alpha-12\repository\org\springframework\boot\spring-boot-test-autoconfigure\3.2.5\spring-boot-test-autoconfigure-3.2.5.jar;D:\apache-maven-4.0.0-alpha-12\repository\com\jayway\jsonpath\json-path\2.9.0\json-path-2.9.0.jar;D:\apache-maven-4.0.0-alpha-12\repository\org\slf4j\slf4j-api\2.0.13\slf4j-api-2.0.13.jar;D:\apache-maven-4.0.0-alpha-12\repository\jakarta\xml\bind\jakarta.xml.bind-api\4.0.2\jakarta.xml.bind-api-4.0.2.jar;D:\apache-maven-4.0.0-alpha-12\repository\jakarta\activation\jakarta.activation-api\2.1.3\jakarta.activation-api-2.1.3.jar;D:\apache-maven-4.0.0-alpha-12\repository\net\minidev\json-smart\2.5.1\json-smart-2.5.1.jar;D:\apache-maven-4.0.0-alpha-12\repository\net\minidev\accessors-smart\2.5.1\accessors-smart-2.5.1.jar;D:\apache-maven-4.0.0-alpha-12\repository\org\ow2\asm\asm\9.6\asm-9.6.jar;D:\apache-maven-4.0.0-alpha-12\repository\org\assertj\assertj-core\3.24.2\assertj-core-3.24.2.jar;D:\apache-maven-4.0.0-alpha-12\repository\net\bytebuddy\byte-buddy\1.14.13\byte-buddy-1.14.13.jar;D:\apache-maven-4.0.0-alpha-12\repository\org\awaitility\awaitility\4.2.1\awaitility-4.2.1.jar;D:\apache-maven-4.0.0-alpha-12\repository\org\hamcrest\hamcrest\2.2\hamcrest-2.2.jar;D:\apache-maven-4.0.0-alpha-12\repository\org\junit\jupiter\junit-jupiter\5.10.2\junit-jupiter-5.10.2.jar;D:\apache-maven-4.0.0-alpha-12\repository\org\junit\jupiter\junit-jupiter-api\5.10.2\junit-jupiter-api-5.10.2.jar;D:\apache-maven-4.0.0-alpha-12\repository\org\opentest4j\opentest4j\1.3.0\opentest4j-1.3.0.jar;D:\apache-maven-4.0.0-alpha-12\repository\org\junit\platform\junit-platform-commons\1.10.2\junit-platform-commons-1.10.2.jar;D:\apache-maven-4.0.0-alpha-12\repository\org\apiguardian\apiguardian-api\1.1.2\apiguardian-api-1.1.2.jar;D:\apache-maven-4.0.0-alpha-12\repository\org\junit\jupiter\junit-jupiter-params\5.10.2\junit-jupiter-params-5.10.2.jar;D:\apache-maven-4.0.0-alpha-12\repository\org\junit\jupiter\junit-jupiter-engine\5.10.2\junit-jupiter-engine-5.10.2.jar;D:\apache-maven-4.0.0-alpha-12\repository\org\junit\platform\junit-platform-engine\1.10.2\junit-platform-engine-1.10.2.jar;D:\apache-maven-4.0.0-alpha-12\repository\org\mockito\mockito-core\5.7.0\mockito-core-5.7.0.jar;D:\apache-maven-4.0.0-alpha-12\repository\net\bytebuddy\byte-buddy-agent\1.14.13\byte-buddy-agent-1.14.13.jar;D:\apache-maven-4.0.0-alpha-12\repository\org\objenesis\objenesis\3.3\objenesis-3.3.jar;D:\apache-maven-4.0.0-alpha-12\repository\org\mockito\mockito-junit-jupiter\5.7.0\mockito-junit-jupiter-5.7.0.jar;D:\apache-maven-4.0.0-alpha-12\repository\org\skyscreamer\jsonassert\1.5.1\jsonassert-1.5.1.jar;D:\apache-maven-4.0.0-alpha-12\repository\com\vaadin\external\google\android-json\0.0.20131108.vaadin1\android-json-0.0.20131108.vaadin1.jar;D:\apache-maven-4.0.0-alpha-12\repository\org\springframework\spring-test\6.1.6\spring-test-6.1.6.jar;D:\apache-maven-4.0.0-alpha-12\repository\org\xmlunit\xmlunit-core\2.9.1\xmlunit-core-2.9.1.jar;D:\apache-maven-4.0.0-alpha-12\repository\io\netty\netty-all\4.1.51.Final\netty-all-4.1.51.Final.jar;"/>
    <property name="java.vm.vendor" value="Oracle Corporation"/>
    <property name="sun.arch.data.model" value="64"/>
    <property name="user.variant" value=""/>
    <property name="java.vendor.url" value="https://java.oracle.com/"/>
    <property name="user.timezone" value="Asia/Shanghai"/>
    <property name="os.name" value="Windows 11"/>
    <property name="java.vm.specification.version" value="17"/>
    <property name="sun.java.launcher" value="SUN_STANDARD"/>
    <property name="user.country" value="CN"/>
    <property name="sun.boot.library.path" value="C:\Program Files\Java\jdk-17.0.4\bin"/>
    <property name="sun.java.command" value="C:\Users\24328\AppData\Local\Temp\surefire14382068296444413282\surefirebooter-20240502195559115_3.jar C:\Users\24328\AppData\Local\Temp\surefire14382068296444413282 2024-05-02T19-55-57_701-jvmRun1 surefire-20240502195559115_1tmp surefire_0-20240502195559115_2tmp"/>
    <property name="jdk.debug" value="release"/>
    <property name="surefire.test.class.path" value="F:\Java\project\my-rpc\target\test-classes;F:\Java\project\my-rpc\target\classes;D:\apache-maven-4.0.0-alpha-12\repository\org\springframework\boot\spring-boot-starter\3.2.5\spring-boot-starter-3.2.5.jar;D:\apache-maven-4.0.0-alpha-12\repository\org\springframework\boot\spring-boot\3.2.5\spring-boot-3.2.5.jar;D:\apache-maven-4.0.0-alpha-12\repository\org\springframework\spring-context\6.1.6\spring-context-6.1.6.jar;D:\apache-maven-4.0.0-alpha-12\repository\org\springframework\spring-aop\6.1.6\spring-aop-6.1.6.jar;D:\apache-maven-4.0.0-alpha-12\repository\org\springframework\spring-beans\6.1.6\spring-beans-6.1.6.jar;D:\apache-maven-4.0.0-alpha-12\repository\org\springframework\spring-expression\6.1.6\spring-expression-6.1.6.jar;D:\apache-maven-4.0.0-alpha-12\repository\org\springframework\boot\spring-boot-autoconfigure\3.2.5\spring-boot-autoconfigure-3.2.5.jar;D:\apache-maven-4.0.0-alpha-12\repository\org\springframework\boot\spring-boot-starter-logging\3.2.5\spring-boot-starter-logging-3.2.5.jar;D:\apache-maven-4.0.0-alpha-12\repository\ch\qos\logback\logback-classic\1.4.14\logback-classic-1.4.14.jar;D:\apache-maven-4.0.0-alpha-12\repository\ch\qos\logback\logback-core\1.4.14\logback-core-1.4.14.jar;D:\apache-maven-4.0.0-alpha-12\repository\org\apache\logging\log4j\log4j-to-slf4j\2.21.1\log4j-to-slf4j-2.21.1.jar;D:\apache-maven-4.0.0-alpha-12\repository\org\apache\logging\log4j\log4j-api\2.21.1\log4j-api-2.21.1.jar;D:\apache-maven-4.0.0-alpha-12\repository\org\slf4j\jul-to-slf4j\2.0.13\jul-to-slf4j-2.0.13.jar;D:\apache-maven-4.0.0-alpha-12\repository\jakarta\annotation\jakarta.annotation-api\2.1.1\jakarta.annotation-api-2.1.1.jar;D:\apache-maven-4.0.0-alpha-12\repository\org\springframework\spring-core\6.1.6\spring-core-6.1.6.jar;D:\apache-maven-4.0.0-alpha-12\repository\org\springframework\spring-jcl\6.1.6\spring-jcl-6.1.6.jar;D:\apache-maven-4.0.0-alpha-12\repository\org\yaml\snakeyaml\2.2\snakeyaml-2.2.jar;D:\apache-maven-4.0.0-alpha-12\repository\org\reflections\reflections\0.9.12\reflections-0.9.12.jar;D:\apache-maven-4.0.0-alpha-12\repository\org\javassist\javassist\3.26.0-GA\javassist-3.26.0-GA.jar;D:\apache-maven-4.0.0-alpha-12\repository\com\alibaba\nacos\nacos-client\2.3.2\nacos-client-2.3.2.jar;D:\apache-maven-4.0.0-alpha-12\repository\com\alibaba\nacos\nacos-auth-plugin\2.3.2\nacos-auth-plugin-2.3.2.jar;D:\apache-maven-4.0.0-alpha-12\repository\com\alibaba\nacos\nacos-encryption-plugin\2.3.2\nacos-encryption-plugin-2.3.2.jar;D:\apache-maven-4.0.0-alpha-12\repository\commons-codec\commons-codec\1.16.1\commons-codec-1.16.1.jar;D:\apache-maven-4.0.0-alpha-12\repository\com\fasterxml\jackson\core\jackson-core\2.15.4\jackson-core-2.15.4.jar;D:\apache-maven-4.0.0-alpha-12\repository\com\fasterxml\jackson\core\jackson-databind\2.15.4\jackson-databind-2.15.4.jar;D:\apache-maven-4.0.0-alpha-12\repository\com\fasterxml\jackson\core\jackson-annotations\2.15.4\jackson-annotations-2.15.4.jar;D:\apache-maven-4.0.0-alpha-12\repository\org\apache\httpcomponents\httpasyncclient\4.1.5\httpasyncclient-4.1.5.jar;D:\apache-maven-4.0.0-alpha-12\repository\org\apache\httpcomponents\httpcore-nio\4.4.16\httpcore-nio-4.4.16.jar;D:\apache-maven-4.0.0-alpha-12\repository\org\apache\httpcomponents\httpclient\4.5.13\httpclient-4.5.13.jar;D:\apache-maven-4.0.0-alpha-12\repository\org\apache\httpcomponents\httpcore\4.4.16\httpcore-4.4.16.jar;D:\apache-maven-4.0.0-alpha-12\repository\io\prometheus\simpleclient\0.16.0\simpleclient-0.16.0.jar;D:\apache-maven-4.0.0-alpha-12\repository\io\prometheus\simpleclient_tracer_otel\0.16.0\simpleclient_tracer_otel-0.16.0.jar;D:\apache-maven-4.0.0-alpha-12\repository\io\prometheus\simpleclient_tracer_common\0.16.0\simpleclient_tracer_common-0.16.0.jar;D:\apache-maven-4.0.0-alpha-12\repository\io\prometheus\simpleclient_tracer_otel_agent\0.16.0\simpleclient_tracer_otel_agent-0.16.0.jar;D:\apache-maven-4.0.0-alpha-12\repository\io\micrometer\micrometer-core\1.12.5\micrometer-core-1.12.5.jar;D:\apache-maven-4.0.0-alpha-12\repository\io\micrometer\micrometer-commons\1.12.5\micrometer-commons-1.12.5.jar;D:\apache-maven-4.0.0-alpha-12\repository\io\micrometer\micrometer-observation\1.12.5\micrometer-observation-1.12.5.jar;D:\apache-maven-4.0.0-alpha-12\repository\org\hdrhistogram\HdrHistogram\2.1.12\HdrHistogram-2.1.12.jar;D:\apache-maven-4.0.0-alpha-12\repository\org\latencyutils\LatencyUtils\2.0.3\LatencyUtils-2.0.3.jar;D:\apache-maven-4.0.0-alpha-12\repository\org\apache\curator\curator-recipes\5.1.0\curator-recipes-5.1.0.jar;D:\apache-maven-4.0.0-alpha-12\repository\org\apache\curator\curator-framework\5.1.0\curator-framework-5.1.0.jar;D:\apache-maven-4.0.0-alpha-12\repository\org\apache\curator\curator-client\5.1.0\curator-client-5.1.0.jar;D:\apache-maven-4.0.0-alpha-12\repository\org\apache\zookeeper\zookeeper\3.6.0\zookeeper-3.6.0.jar;D:\apache-maven-4.0.0-alpha-12\repository\commons-lang\commons-lang\2.6\commons-lang-2.6.jar;D:\apache-maven-4.0.0-alpha-12\repository\org\apache\zookeeper\zookeeper-jute\3.6.0\zookeeper-jute-3.6.0.jar;D:\apache-maven-4.0.0-alpha-12\repository\org\apache\yetus\audience-annotations\0.5.0\audience-annotations-0.5.0.jar;D:\apache-maven-4.0.0-alpha-12\repository\io\netty\netty-handler\4.1.109.Final\netty-handler-4.1.109.Final.jar;D:\apache-maven-4.0.0-alpha-12\repository\io\netty\netty-common\4.1.109.Final\netty-common-4.1.109.Final.jar;D:\apache-maven-4.0.0-alpha-12\repository\io\netty\netty-resolver\4.1.109.Final\netty-resolver-4.1.109.Final.jar;D:\apache-maven-4.0.0-alpha-12\repository\io\netty\netty-buffer\4.1.109.Final\netty-buffer-4.1.109.Final.jar;D:\apache-maven-4.0.0-alpha-12\repository\io\netty\netty-transport\4.1.109.Final\netty-transport-4.1.109.Final.jar;D:\apache-maven-4.0.0-alpha-12\repository\io\netty\netty-transport-native-unix-common\4.1.109.Final\netty-transport-native-unix-common-4.1.109.Final.jar;D:\apache-maven-4.0.0-alpha-12\repository\io\netty\netty-codec\4.1.109.Final\netty-codec-4.1.109.Final.jar;D:\apache-maven-4.0.0-alpha-12\repository\io\netty\netty-transport-native-epoll\4.1.109.Final\netty-transport-native-epoll-4.1.109.Final.jar;D:\apache-maven-4.0.0-alpha-12\repository\io\netty\netty-transport-classes-epoll\4.1.109.Final\netty-transport-classes-epoll-4.1.109.Final.jar;D:\apache-maven-4.0.0-alpha-12\repository\log4j\log4j\1.2.17\log4j-1.2.17.jar;D:\apache-maven-4.0.0-alpha-12\repository\com\google\guava\guava\27.0.1-jre\guava-27.0.1-jre.jar;D:\apache-maven-4.0.0-alpha-12\repository\com\google\guava\failureaccess\1.0.1\failureaccess-1.0.1.jar;D:\apache-maven-4.0.0-alpha-12\repository\com\google\guava\listenablefuture\1.0\listenablefuture-1.0.jar;D:\apache-maven-4.0.0-alpha-12\repository\com\google\code\findbugs\jsr305\3.0.2\jsr305-3.0.2.jar;D:\apache-maven-4.0.0-alpha-12\repository\org\checkerframework\checker-qual\2.5.2\checker-qual-2.5.2.jar;D:\apache-maven-4.0.0-alpha-12\repository\com\google\errorprone\error_prone_annotations\2.2.0\error_prone_annotations-2.2.0.jar;D:\apache-maven-4.0.0-alpha-12\repository\com\google\j2objc\j2objc-annotations\1.1\j2objc-annotations-1.1.jar;D:\apache-maven-4.0.0-alpha-12\repository\org\codehaus\mojo\animal-sniffer-annotations\1.17\animal-sniffer-annotations-1.17.jar;D:\apache-maven-4.0.0-alpha-12\repository\org\projectlombok\lombok\1.18.32\lombok-1.18.32.jar;D:\apache-maven-4.0.0-alpha-12\repository\com\alibaba\fastjson\1.2.78\fastjson-1.2.78.jar;D:\apache-maven-4.0.0-alpha-12\repository\org\springframework\boot\spring-boot-starter-test\3.2.5\spring-boot-starter-test-3.2.5.jar;D:\apache-maven-4.0.0-alpha-12\repository\org\springframework\boot\spring-boot-test\3.2.5\spring-boot-test-3.2.5.jar;D:\apache-maven-4.0.0-alpha-12\repository\org\springframework\boot\spring-boot-test-autoconfigure\3.2.5\spring-boot-test-autoconfigure-3.2.5.jar;D:\apache-maven-4.0.0-alpha-12\repository\com\jayway\jsonpath\json-path\2.9.0\json-path-2.9.0.jar;D:\apache-maven-4.0.0-alpha-12\repository\org\slf4j\slf4j-api\2.0.13\slf4j-api-2.0.13.jar;D:\apache-maven-4.0.0-alpha-12\repository\jakarta\xml\bind\jakarta.xml.bind-api\4.0.2\jakarta.xml.bind-api-4.0.2.jar;D:\apache-maven-4.0.0-alpha-12\repository\jakarta\activation\jakarta.activation-api\2.1.3\jakarta.activation-api-2.1.3.jar;D:\apache-maven-4.0.0-alpha-12\repository\net\minidev\json-smart\2.5.1\json-smart-2.5.1.jar;D:\apache-maven-4.0.0-alpha-12\repository\net\minidev\accessors-smart\2.5.1\accessors-smart-2.5.1.jar;D:\apache-maven-4.0.0-alpha-12\repository\org\ow2\asm\asm\9.6\asm-9.6.jar;D:\apache-maven-4.0.0-alpha-12\repository\org\assertj\assertj-core\3.24.2\assertj-core-3.24.2.jar;D:\apache-maven-4.0.0-alpha-12\repository\net\bytebuddy\byte-buddy\1.14.13\byte-buddy-1.14.13.jar;D:\apache-maven-4.0.0-alpha-12\repository\org\awaitility\awaitility\4.2.1\awaitility-4.2.1.jar;D:\apache-maven-4.0.0-alpha-12\repository\org\hamcrest\hamcrest\2.2\hamcrest-2.2.jar;D:\apache-maven-4.0.0-alpha-12\repository\org\junit\jupiter\junit-jupiter\5.10.2\junit-jupiter-5.10.2.jar;D:\apache-maven-4.0.0-alpha-12\repository\org\junit\jupiter\junit-jupiter-api\5.10.2\junit-jupiter-api-5.10.2.jar;D:\apache-maven-4.0.0-alpha-12\repository\org\opentest4j\opentest4j\1.3.0\opentest4j-1.3.0.jar;D:\apache-maven-4.0.0-alpha-12\repository\org\junit\platform\junit-platform-commons\1.10.2\junit-platform-commons-1.10.2.jar;D:\apache-maven-4.0.0-alpha-12\repository\org\apiguardian\apiguardian-api\1.1.2\apiguardian-api-1.1.2.jar;D:\apache-maven-4.0.0-alpha-12\repository\org\junit\jupiter\junit-jupiter-params\5.10.2\junit-jupiter-params-5.10.2.jar;D:\apache-maven-4.0.0-alpha-12\repository\org\junit\jupiter\junit-jupiter-engine\5.10.2\junit-jupiter-engine-5.10.2.jar;D:\apache-maven-4.0.0-alpha-12\repository\org\junit\platform\junit-platform-engine\1.10.2\junit-platform-engine-1.10.2.jar;D:\apache-maven-4.0.0-alpha-12\repository\org\mockito\mockito-core\5.7.0\mockito-core-5.7.0.jar;D:\apache-maven-4.0.0-alpha-12\repository\net\bytebuddy\byte-buddy-agent\1.14.13\byte-buddy-agent-1.14.13.jar;D:\apache-maven-4.0.0-alpha-12\repository\org\objenesis\objenesis\3.3\objenesis-3.3.jar;D:\apache-maven-4.0.0-alpha-12\repository\org\mockito\mockito-junit-jupiter\5.7.0\mockito-junit-jupiter-5.7.0.jar;D:\apache-maven-4.0.0-alpha-12\repository\org\skyscreamer\jsonassert\1.5.1\jsonassert-1.5.1.jar;D:\apache-maven-4.0.0-alpha-12\repository\com\vaadin\external\google\android-json\0.0.20131108.vaadin1\android-json-0.0.20131108.vaadin1.jar;D:\apache-maven-4.0.0-alpha-12\repository\org\springframework\spring-test\6.1.6\spring-test-6.1.6.jar;D:\apache-maven-4.0.0-alpha-12\repository\org\xmlunit\xmlunit-core\2.9.1\xmlunit-core-2.9.1.jar;D:\apache-maven-4.0.0-alpha-12\repository\io\netty\netty-all\4.1.51.Final\netty-all-4.1.51.Final.jar;"/>
    <property name="sun.cpu.endian" value="little"/>
    <property name="user.home" value="C:\Users\24328"/>
    <property name="user.language" value="zh"/>
    <property name="java.specification.vendor" value="Oracle Corporation"/>
    <property name="java.version.date" value="2022-07-19"/>
    <property name="java.home" value="C:\Program Files\Java\jdk-17.0.4"/>
    <property name="file.separator" value="\"/>
    <property name="basedir" value="F:\Java\project\my-rpc"/>
    <property name="java.vm.compressedOopsMode" value="Zero based"/>
    <property name="line.separator" value="&#10;"/>
    <property name="java.vm.specification.vendor" value="Oracle Corporation"/>
    <property name="java.specification.name" value="Java Platform API Specification"/>
    <property name="surefire.real.class.path" value="C:\Users\24328\AppData\Local\Temp\surefire14382068296444413282\surefirebooter-20240502195559115_3.jar"/>
    <property name="user.script" value=""/>
    <property name="sun.management.compiler" value="HotSpot 64-Bit Tiered Compilers"/>
    <property name="java.runtime.version" value="17.0.4+11-LTS-179"/>
    <property name="user.name" value="24328"/>
    <property name="path.separator" value=";"/>
    <property name="os.version" value="10.0"/>
    <property name="java.runtime.name" value="Java(TM) SE Runtime Environment"/>
    <property name="file.encoding" value="GBK"/>
    <property name="java.vm.name" value="Java HotSpot(TM) 64-Bit Server VM"/>
    <property name="localRepository" value="D:\apache-maven-4.0.0-alpha-12\repository"/>
    <property name="java.vendor.url.bug" value="https://bugreport.java.com/bugreport/"/>
    <property name="java.io.tmpdir" value="C:\Users\24328\AppData\Local\Temp\"/>
    <property name="idea.version" value="2023.2.6"/>
    <property name="java.version" value="17.0.4"/>
    <property name="user.dir" value="F:\Java\project\my-rpc"/>
    <property name="os.arch" value="amd64"/>
    <property name="java.vm.specification.name" value="Java Virtual Machine Specification"/>
    <property name="sun.os.patch.level" value=""/>
    <property name="native.encoding" value="GBK"/>
    <property name="java.library.path" value="C:\Program Files\Java\jdk-17.0.4\bin;C:\WINDOWS\Sun\Java\bin;C:\WINDOWS\system32;C:\WINDOWS;C:\Program Files\Java\jdk-17.0.4\bin;&quot;C:\Users\24328\AppData\Local\Programs\Python\Python310\IDLE (Python 3.10 64-bit);&quot;;C:\Program Files\Common Files\Oracle\Java\javapath;D:\vmware\bin\;C:\MinGW\bin;C:\Windows\system32;C:\Windows;C:\Windows\System32\Wbem;C:\Windows\System32\WindowsPowerShell\v1.0\;C:\Windows\System32\OpenSSH\;C:\Program Files\NVIDIA Corporation\NVIDIA NvDLISR;C:\mingw64\bin;C:\MinGW\mingw64\bin;F:\微信web开发者工具\dll;F:\nod;.js\;C:\Users\24328\AppData\Local\Programs\Python\Python310\python.exe;C:\Users\24328\AppData\Local\Programs\Python\Python310\Scripts;D:\Git\Git\cmd;C:\Program Files (x86)\NVIDIA Corporation\PhysX\Common;C:\WINDOWS\system32;C:\WINDOWS;C:\WINDOWS\System32\Wbem;C:\WINDOWS\System32\WindowsPowerShell\v1.0\;C:\WINDOWS\System32\OpenSSH\;D:\010 Editor;C:\Program Files (x86)\Microsoft SQL Server\160\Tools\Binn\;C:\Program Files\Microsoft SQL Server\160\Tools\Binn\;C:\Program Files\Microsoft SQL Server\Client SDK\ODBC\170\Tools\Binn\;C:\Program Files\Microsoft SQL Server\160\DTS\Binn\;C:\Program Files\Azure Data Studio\bin;D:\mysql\bin;D:\;C:\Users\24328\AppData\Local\Android\Sdk\build-tools;C:\Program Files\Pandoc\;D:\Node\;D:\Android\gradle-8.0\bin;C:\Users\24328\Desktop\scrcpy-win64-v2.3.1;D:\apache-maven-4.0.0-alpha-12\bin;D:\apache-tomcat-10.1.19\lib;D:\apache-tomcat-10.1.19\bin;D:\apache-tomcat-10.1.19\lib\servlet-api.jar;D:\DockerDesktop\resources\bin;C:\Program Files\PowerShell\7\;C:\Users\24328\AppData\Local\Programs\Python\Python310;C:\Users\24328\AppData\Local\Programs\Python\Python310\Scripts;C:\Users\24328\AppData\Local\Programs\Python\Python36\Scripts\;C:\Users\24328\AppData\Local\Programs\Python\Python36\;C:\Users\24328\AppData\Local\Programs\Python\Python311\Scripts\;C:\Users\24328\AppData\Local\Programs\Python\Python311\;C:\Users\24328\AppData\Local\Programs\Python\Python37\Scripts\;C:\Users\24328\AppData\Local\Programs\Python\Python37\;C:\Users\24328\.cargo\bin;C:\Users\24328\AppData\Local\Programs\Python\Python38\Scripts\;C:\Users\24328\AppData\Local\Programs\Python\Python38\;C:\Users\24328\AppData\Local\Microsoft\WindowsApps;C:\Program Files\Bandizip\;C:\Users\24328\AppData\Local\GitHubDesktop\bin;D:\IntelliJ IDEA 2021.3.3\bin;F:\Microsoft VS Code\bin;C:\MinGW\bin;C:\Users\24328\AppData\Local\Programs\Python\Python27\Scripts\;C:\Users\24328\AppData\Local\Programs\Python\Python27\;C:\Program Files\Azure Data Studio\bin;D:\mingw-w64\x86_64-8.1.0-release-win32-seh-rt_v6-rev0\mingw64\bin;C:\Users\24328\AppData\Roaming\npm;C:\Program Files\Docker\Docker\resources\bin;D:\Android\gradle-8.0\bin;D:\Android\sdk\platform-tools;D:\Android\sdk\tools;D:\Android\sdk\build-tools\28.0.2;C:\Users\24328\Desktop\ADB;D:\DataGrip 2023.3.4\bin;;C:\Users\24328\AppData\Local\Programs\oh-my-posh\bin;C:\WINDOWS\system32;C:\WINDOWS;;."/>
    <property name="java.vm.info" value="mixed mode, sharing"/>
    <property name="java.vendor" value="Oracle Corporation"/>
    <property name="java.vm.version" value="17.0.4+11-LTS-179"/>
    <property name="sun.io.unicode.encoding" value="UnicodeLittle"/>
    <property name="java.class.version" value="61.0"/>
  </properties>
  <testcase name="" classname="com.example.myrpc.MyRpcApplicationTests" time="0.473">
    <error message="Unable to find a @SpringBootConfiguration, you need to use @ContextConfiguration or @SpringBootTest(classes=...) with your test" type="java.lang.IllegalStateException"><![CDATA[java.lang.IllegalStateException: Unable to find a @SpringBootConfiguration, you need to use @ContextConfiguration or @SpringBootTest(classes=...) with your test
	at org.springframework.util.Assert.state(Assert.java:76)
	at org.springframework.boot.test.context.SpringBootTestContextBootstrapper.findConfigurationClass(SpringBootTestContextBootstrapper.java:246)
	at org.springframework.boot.test.context.SpringBootTestContextBootstrapper.getOrFindConfigurationClasses(SpringBootTestContextBootstrapper.java:233)
	at org.springframework.boot.test.context.SpringBootTestContextBootstrapper.processMergedContextConfiguration(SpringBootTestContextBootstrapper.java:150)
	at org.springframework.test.context.support.AbstractTestContextBootstrapper.buildMergedContextConfiguration(AbstractTestContextBootstrapper.java:351)
	at org.springframework.test.context.support.AbstractTestContextBootstrapper.buildDefaultMergedContextConfiguration(AbstractTestContextBootstrapper.java:267)
	at org.springframework.test.context.support.AbstractTestContextBootstrapper.buildMergedContextConfiguration(AbstractTestContextBootstrapper.java:215)
	at org.springframework.test.context.support.AbstractTestContextBootstrapper.buildTestContext(AbstractTestContextBootstrapper.java:108)
	at org.springframework.boot.test.context.SpringBootTestContextBootstrapper.buildTestContext(SpringBootTestContextBootstrapper.java:111)
	at org.springframework.test.context.TestContextManager.<init>(TestContextManager.java:142)
	at org.springframework.test.context.TestContextManager.<init>(TestContextManager.java:126)
	at org.springframework.test.context.junit.jupiter.SpringExtension.getTestContextManager(SpringExtension.java:366)
	at org.springframework.test.context.junit.jupiter.SpringExtension.beforeAll(SpringExtension.java:131)
	at java.base/java.util.ArrayList.forEach(ArrayList.java:1511)
]]></error>
  </testcase>
</testsuite>